<?xml version="1.0" encoding="UTF-8"?>
<!-- Generated by org.testng.reporters.JUnitReportReporter -->
<testsuite skipped="0" hostname="LAPTOP-BUDNKN8F" name="MavenProject1.MavenPro1.AppiumTest" tests="2" failures="0" timestamp="07 Sep 2021 11:20:02 GMT" time="0.000" errors="0">
  <testcase name="AppiumTest1" time="0.000" classname="MavenProject1.MavenPro1.AppiumTest"/>
  <testcase name="AppiumTest2" time="0.000" classname="MavenProject1.MavenPro1.AppiumTest"/>
</testsuite> <!-- MavenProject1.MavenPro1.AppiumTest -->
